0 info it worked if it ends with ok
1 verbose cli [ 'node',
1 verbose cli   '/home/eugen/local/bin/npm',
1 verbose cli   'install',
1 verbose cli   '-g',
1 verbose cli   'html2less.py' ]
2 info using npm@1.4.7
3 info using node@v0.10.26
4 verbose cache add [ 'html2less.py', null ]
5 verbose cache add name=undefined spec="html2less.py" args=["html2less.py",null]
6 verbose parsed url { protocol: null,
6 verbose parsed url   slashes: null,
6 verbose parsed url   auth: null,
6 verbose parsed url   host: null,
6 verbose parsed url   port: null,
6 verbose parsed url   hostname: null,
6 verbose parsed url   hash: null,
6 verbose parsed url   search: null,
6 verbose parsed url   query: null,
6 verbose parsed url   pathname: 'html2less.py',
6 verbose parsed url   path: 'html2less.py',
6 verbose parsed url   href: 'html2less.py' }
7 silly lockFile d0a4c7d6-html2less-py html2less.py
8 verbose lock html2less.py /home/eugen/.npm/d0a4c7d6-html2less-py.lock
9 silly lockFile d0a4c7d6-html2less-py html2less.py
10 silly lockFile d0a4c7d6-html2less-py html2less.py
11 verbose addNamed [ 'html2less.py', '' ]
12 verbose addNamed [ null, '*' ]
13 silly lockFile d28caac3-html2less-py html2less.py@
14 verbose lock html2less.py@ /home/eugen/.npm/d28caac3-html2less-py.lock
15 silly addNameRange { name: 'html2less.py', range: '*', hasData: false }
16 verbose url raw html2less.py
17 verbose url resolving [ 'https://registry.npmjs.org/', './html2less.py' ]
18 verbose url resolved https://registry.npmjs.org/html2less.py
19 info trying registry request attempt 1 at 13:11:44
20 http GET https://registry.npmjs.org/html2less.py
21 http 404 https://registry.npmjs.org/html2less.py
22 verbose headers { date: 'Sat, 17 May 2014 10:11:45 GMT',
22 verbose headers   server: 'CouchDB/1.5.0 (Erlang OTP/R14B04)',
22 verbose headers   'content-type': 'application/json',
22 verbose headers   via: '1.1 varnish',
22 verbose headers   'cache-control': 'max-age=0',
22 verbose headers   'content-length': '52',
22 verbose headers   'accept-ranges': 'bytes',
22 verbose headers   age: '0',
22 verbose headers   'x-served-by': 'cache-v37-ASH, cache-fra1233-FRA',
22 verbose headers   'x-cache': 'MISS, MISS',
22 verbose headers   'x-cache-hits': '0, 0',
22 verbose headers   'x-timer': 'S1400321505.586497545,VS0,VS44,VE136,VE179',
22 verbose headers   'keep-alive': 'timeout=10, max=50',
22 verbose headers   connection: 'Keep-Alive' }
23 silly registry.get cb [ 404,
23 silly registry.get   { date: 'Sat, 17 May 2014 10:11:45 GMT',
23 silly registry.get     server: 'CouchDB/1.5.0 (Erlang OTP/R14B04)',
23 silly registry.get     'content-type': 'application/json',
23 silly registry.get     via: '1.1 varnish',
23 silly registry.get     'cache-control': 'max-age=0',
23 silly registry.get     'content-length': '52',
23 silly registry.get     'accept-ranges': 'bytes',
23 silly registry.get     age: '0',
23 silly registry.get     'x-served-by': 'cache-v37-ASH, cache-fra1233-FRA',
23 silly registry.get     'x-cache': 'MISS, MISS',
23 silly registry.get     'x-cache-hits': '0, 0',
23 silly registry.get     'x-timer': 'S1400321505.586497545,VS0,VS44,VE136,VE179',
23 silly registry.get     'keep-alive': 'timeout=10, max=50',
23 silly registry.get     connection: 'Keep-Alive' } ]
24 silly lockFile d28caac3-html2less-py html2less.py@
25 silly lockFile d28caac3-html2less-py html2less.py@
26 error 404 404 Not Found: html2less.py
26 error 404
26 error 404 'html2less.py' is not in the npm registry.
26 error 404 You should bug the author to publish it
26 error 404
26 error 404 Note that you can also install from a
26 error 404 tarball, folder, or http url, or git url.
27 error System Linux 3.11.0-20-generic
28 error command "node" "/home/eugen/local/bin/npm" "install" "-g" "html2less.py"
29 error cwd /home/eugen/projects/v-dumka
30 error node -v v0.10.26
31 error npm -v 1.4.7
32 error code E404
33 verbose exit [ 1, true ]
